

============================== 2023-03-30 19:40:39.083892 | d6994648-5470-4608-933b-762c86d94807 ==============================
[0m19:40:39.083892 [info ] [MainThread]: Running with dbt=1.4.5
[0m19:40:39.083892 [debug] [MainThread]: running dbt with arguments {'write_json': True, 'use_colors': True, 'printer_width': 80, 'version_check': True, 'partial_parse': True, 'static_parser': True, 'profiles_dir': 'C:\\Users\\daniel\\.dbt', 'send_anonymous_usage_stats': True, 'quiet': False, 'no_print': False, 'cache_selected_only': False, 'project_name': 'de_ag_dbt', 'skip_profile_setup': False, 'which': 'init', 'indirect_selection': 'eager'}
[0m19:40:39.083892 [debug] [MainThread]: Tracking: tracking
[0m19:40:39.103834 [debug] [MainThread]: Sending event: {'category': 'dbt', 'action': 'invocation', 'label': 'start', 'context': [<snowplow_tracker.self_describing_json.SelfDescribingJson object at 0x000001D7690979D0>, <snowplow_tracker.self_describing_json.SelfDescribingJson object at 0x000001D769095B10>, <snowplow_tracker.self_describing_json.SelfDescribingJson object at 0x000001D769097280>]}
[0m19:40:39.114783 [info ] [MainThread]: Creating dbt configuration folder at C:\Users\daniel\.dbt
[0m19:40:39.114783 [debug] [MainThread]: Starter project path: C:\Users\daniel\AppData\Local\Programs\Python\Python310\lib\site-packages\dbt\include\starter_project
[0m19:42:32.433161 [info ] [MainThread]: Profile de_ag_dbt written to C:\Users\daniel\.dbt\profiles.yml using target's profile_template.yml and your supplied values. Run 'dbt debug' to validate the connection.
[0m19:42:32.434173 [info ] [MainThread]: 
Your new dbt project "de_ag_dbt" was created!

For more information on how to configure the profiles.yml file,
please consult the dbt documentation here:

  https://docs.getdbt.com/docs/configure-your-profile

One more thing:

Need help? Don't hesitate to reach out to us via GitHub issues or on Slack:

  https://community.getdbt.com/

Happy modeling!

[0m19:42:32.436173 [debug] [MainThread]: Sending event: {'category': 'dbt', 'action': 'invocation', 'label': 'end', 'context': [<snowplow_tracker.self_describing_json.SelfDescribingJson object at 0x000001D70D73E950>, <snowplow_tracker.self_describing_json.SelfDescribingJson object at 0x000001D70DCFD420>, <snowplow_tracker.self_describing_json.SelfDescribingJson object at 0x000001D70DCFE3B0>]}
[0m19:42:32.437748 [debug] [MainThread]: Flushing usage events


============================== 2023-04-02 12:17:43.496053 | 758fb150-0849-44ce-b5c0-65fbfcbff656 ==============================
[0m12:17:43.496053 [info ] [MainThread]: Running with dbt=1.4.5
[0m12:17:43.496053 [debug] [MainThread]: running dbt with arguments {'write_json': True, 'use_colors': True, 'printer_width': 80, 'version_check': True, 'partial_parse': True, 'static_parser': True, 'profiles_dir': 'C:\\Users\\daniel\\.dbt', 'send_anonymous_usage_stats': True, 'quiet': False, 'no_print': False, 'cache_selected_only': False, 'config_dir': False, 'which': 'debug', 'indirect_selection': 'eager'}
[0m12:17:43.496053 [debug] [MainThread]: Tracking: tracking
[0m12:17:43.505077 [debug] [MainThread]: Sending event: {'category': 'dbt', 'action': 'invocation', 'label': 'start', 'context': [<snowplow_tracker.self_describing_json.SelfDescribingJson object at 0x000001CD37D96A40>, <snowplow_tracker.self_describing_json.SelfDescribingJson object at 0x000001CD37D95BA0>, <snowplow_tracker.self_describing_json.SelfDescribingJson object at 0x000001CD37D97970>]}
[0m12:17:47.444201 [debug] [MainThread]: Executing "git --help"
[0m12:17:47.491110 [debug] [MainThread]: STDOUT: "b"usage: git [-v | --version] [-h | --help] [-C <path>] [-c <name>=<value>]\n           [--exec-path[=<path>]] [--html-path] [--man-path] [--info-path]\n           [-p | --paginate | -P | --no-pager] [--no-replace-objects] [--bare]\n           [--git-dir=<path>] [--work-tree=<path>] [--namespace=<name>]\n           [--super-prefix=<path>] [--config-env=<name>=<envvar>]\n           <command> [<args>]\n\nThese are common Git commands used in various situations:\n\nstart a working area (see also: git help tutorial)\n   clone     Clone a repository into a new directory\n   init      Create an empty Git repository or reinitialize an existing one\n\nwork on the current change (see also: git help everyday)\n   add       Add file contents to the index\n   mv        Move or rename a file, a directory, or a symlink\n   restore   Restore working tree files\n   rm        Remove files from the working tree and from the index\n\nexamine the history and state (see also: git help revisions)\n   bisect    Use binary search to find the commit that introduced a bug\n   diff      Show changes between commits, commit and working tree, etc\n   grep      Print lines matching a pattern\n   log       Show commit logs\n   show      Show various types of objects\n   status    Show the working tree status\n\ngrow, mark and tweak your common history\n   branch    List, create, or delete branches\n   commit    Record changes to the repository\n   merge     Join two or more development histories together\n   rebase    Reapply commits on top of another base tip\n   reset     Reset current HEAD to the specified state\n   switch    Switch branches\n   tag       Create, list, delete or verify a tag object signed with GPG\n\ncollaborate (see also: git help workflows)\n   fetch     Download objects and refs from another repository\n   pull      Fetch from and integrate with another repository or a local branch\n   push      Update remote refs along with associated objects\n\n'git help -a' and 'git help -g' list available subcommands and some\nconcept guides. See 'git help <command>' or 'git help <concept>'\nto read about a specific subcommand or concept.\nSee 'git help git' for an overview of the system.\n""
[0m12:17:47.491110 [debug] [MainThread]: STDERR: "b''"
[0m12:17:47.491110 [debug] [MainThread]: Acquiring new bigquery connection 'debug'
[0m12:17:47.491110 [debug] [MainThread]: Opening a new connection, currently in state init
[0m12:17:47.569692 [debug] [MainThread]: On debug: select 1 as id
[0m12:17:48.836568 [debug] [MainThread]: BigQuery adapter: https://console.cloud.google.com/bigquery?project=de-z-camp&j=bq:US:5f519b76-4ace-4cc5-ad43-d5682e2aea33&page=queryresults
[0m12:17:48.836568 [debug] [MainThread]: Sending event: {'category': 'dbt', 'action': 'invocation', 'label': 'end', 'context': [<snowplow_tracker.self_describing_json.SelfDescribingJson object at 0x000001CD5CA09F00>, <snowplow_tracker.self_describing_json.SelfDescribingJson object at 0x000001CD5CA09630>, <snowplow_tracker.self_describing_json.SelfDescribingJson object at 0x000001CD5CA0B9A0>]}
[0m12:17:48.836568 [debug] [MainThread]: Flushing usage events
[0m12:17:49.107930 [debug] [MainThread]: Connection 'debug' was properly closed.
